The target system is: Linux - 1 - 
The host system is: Linux - 4.1.13-5-default - x86_64
Compiling the C compiler identification source file "CMakeCCompilerId.c" succeeded.
Compiler: /usr/local/bin/arm926ejs-gcc 
Build flags: 
Id flags: 

The output was:
0


Compilation of the C compiler identification source "CMakeCCompilerId.c" produced "a.out"

The C compiler identification is GNU, found in "/home/to/Documents/withus/shunt/cbsl-trunk/build/CMakeFiles/3.3.2/CompilerIdC/a.out"

Compiling the CXX compiler identification source file "CMakeCXXCompilerId.cpp" succeeded.
Compiler: /usr/local/bin/arm926ejs-g++ 
Build flags: 
Id flags: 

The output was:
0


Compilation of the CXX compiler identification source "CMakeCXXCompilerId.cpp" produced "a.out"

The CXX compiler identification is GNU, found in "/home/to/Documents/withus/shunt/cbsl-trunk/build/CMakeFiles/3.3.2/CompilerIdCXX/a.out"

Determining if the C compiler works passed with the following output:
Change Dir: /home/to/Documents/withus/shunt/cbsl-trunk/build/CMakeFiles/CMakeTmp

Run Build Command:"/usr/bin/gmake" "cmTC_8167f/fast"
/usr/bin/gmake -f CMakeFiles/cmTC_8167f.dir/build.make CMakeFiles/cmTC_8167f.dir/build
gmake[1]: Entering directory '/home/to/Documents/withus/shunt/cbsl-trunk/build/CMakeFiles/CMakeTmp'
Building C object CMakeFiles/cmTC_8167f.dir/testCCompiler.c.o
/usr/local/bin/arm926ejs-gcc    -o CMakeFiles/cmTC_8167f.dir/testCCompiler.c.o   -c /home/to/Documents/withus/shunt/cbsl-trunk/build/CMakeFiles/CMakeTmp/testCCompiler.c
Linking C executable cmTC_8167f
/usr/bin/cmake -E cmake_link_script CMakeFiles/cmTC_8167f.dir/link.txt --verbose=1
/usr/local/bin/arm926ejs-gcc       CMakeFiles/cmTC_8167f.dir/testCCompiler.c.o  -o cmTC_8167f -rdynamic 
gmake[1]: Leaving directory '/home/to/Documents/withus/shunt/cbsl-trunk/build/CMakeFiles/CMakeTmp'


Detecting C compiler ABI info compiled with the following output:
Change Dir: /home/to/Documents/withus/shunt/cbsl-trunk/build/CMakeFiles/CMakeTmp

Run Build Command:"/usr/bin/gmake" "cmTC_75cac/fast"
/usr/bin/gmake -f CMakeFiles/cmTC_75cac.dir/build.make CMakeFiles/cmTC_75cac.dir/build
gmake[1]: Entering directory '/home/to/Documents/withus/shunt/cbsl-trunk/build/CMakeFiles/CMakeTmp'
Building C object CMakeFiles/cmTC_75cac.dir/CMakeCCompilerABI.c.o
/usr/local/bin/arm926ejs-gcc    -o CMakeFiles/cmTC_75cac.dir/CMakeCCompilerABI.c.o   -c /usr/share/cmake/Modules/CMakeCCompilerABI.c
Linking C executable cmTC_75cac
/usr/bin/cmake -E cmake_link_script CMakeFiles/cmTC_75cac.dir/link.txt --verbose=1
/usr/local/bin/arm926ejs-gcc      -v CMakeFiles/cmTC_75cac.dir/CMakeCCompilerABI.c.o  -o cmTC_75cac -rdynamic  
Using built-in specs.
Target: arm-unknown-linux-gnueabi
Configured with: /home/to/tmp/gcc_build/.build/src/gcc-4.4.6/configure --build=x86_64-build_unknown-linux-gnu --host=x86_64-build_unknown-linux-gnu --target=arm-unknown-linux-gnueabi --prefix=/home/to/arm926ejs-gcc --with-sysroot=/home/to/arm926ejs-gcc/arm-unknown-linux-gnueabi/sysroot --enable-languages=c,c++ --with-arch=armv5te --with-tune=arm926ej-s --with-float=soft --with-pkgversion='crosstool-NG 1.19.0' --enable-__cxa_atexit --disable-libmudflap --disable-libgomp --disable-libssp --with-gmp=/home/to/tmp/gcc_build/.build/arm-unknown-linux-gnueabi/buildtools --with-mpfr=/home/to/tmp/gcc_build/.build/arm-unknown-linux-gnueabi/buildtools --with-ppl=/home/to/tmp/gcc_build/.build/arm-unknown-linux-gnueabi/buildtools --with-cloog=/home/to/tmp/gcc_build/.build/arm-unknown-linux-gnueabi/buildtools --with-host-libstdcxx='-static-libgcc -Wl,-Bstatic,-lstdc++,-Bdynamic -lm' --enable-threads=posix --enable-target-optspace --disable-nls --disable-multilib --with-local-prefix=/home/to/arm926ejs-gcc/arm-unknown-linux-gnueabi/sysroot --enable-c99 --enable-long-long --disable-decimal-float
Thread model: posix
gcc version 4.4.6 (crosstool-NG 1.19.0) 
COMPILER_PATH=/usr/local/arm926ejs-gcc446_x64/bin/../libexec/gcc/arm-unknown-linux-gnueabi/4.4.6/:/usr/local/arm926ejs-gcc446_x64/bin/../libexec/gcc/:/usr/local/arm926ejs-gcc446_x64/bin/../lib/gcc/arm-unknown-linux-gnueabi/4.4.6/../../../../arm-unknown-linux-gnueabi/bin/
LIBRARY_PATH=/usr/local/arm926ejs-gcc446_x64/bin/../lib/gcc/arm-unknown-linux-gnueabi/4.4.6/:/usr/local/arm926ejs-gcc446_x64/bin/../lib/gcc/:/usr/local/arm926ejs-gcc446_x64/bin/../lib/gcc/arm-unknown-linux-gnueabi/4.4.6/../../../../arm-unknown-linux-gnueabi/lib/:/usr/local/arm926ejs-gcc446_x64/bin/../arm-unknown-linux-gnueabi/sysroot/lib/:/usr/local/arm926ejs-gcc446_x64/bin/../arm-unknown-linux-gnueabi/sysroot/usr/lib/
COLLECT_GCC_OPTIONS='-v' '-o' 'cmTC_75cac' '-rdynamic' '-march=armv5te' '-mtune=arm926ej-s' '-mfloat-abi=soft'
 /usr/local/arm926ejs-gcc446_x64/bin/../libexec/gcc/arm-unknown-linux-gnueabi/4.4.6/collect2 --sysroot=/usr/local/arm926ejs-gcc446_x64/bin/../arm-unknown-linux-gnueabi/sysroot --eh-frame-hdr -export-dynamic -dynamic-linker /lib/ld-linux.so.3 -X -m armelf_linux_eabi -o cmTC_75cac /usr/local/arm926ejs-gcc446_x64/bin/../arm-unknown-linux-gnueabi/sysroot/usr/lib/crt1.o /usr/local/arm926ejs-gcc446_x64/bin/../arm-unknown-linux-gnueabi/sysroot/usr/lib/crti.o /usr/local/arm926ejs-gcc446_x64/bin/../lib/gcc/arm-unknown-linux-gnueabi/4.4.6/crtbegin.o -L/usr/local/arm926ejs-gcc446_x64/bin/../lib/gcc/arm-unknown-linux-gnueabi/4.4.6 -L/usr/local/arm926ejs-gcc446_x64/bin/../lib/gcc -L/usr/local/arm926ejs-gcc446_x64/bin/../lib/gcc/arm-unknown-linux-gnueabi/4.4.6/../../../../arm-unknown-linux-gnueabi/lib -L/usr/local/arm926ejs-gcc446_x64/bin/../arm-unknown-linux-gnueabi/sysroot/lib -L/usr/local/arm926ejs-gcc446_x64/bin/../arm-unknown-linux-gnueabi/sysroot/usr/lib CMakeFiles/cmTC_75cac.dir/CMakeCCompilerABI.c.o -lgcc --as-needed -lgcc_s --no-as-needed -lc -lgcc --as-needed -lgcc_s --no-as-needed /usr/local/arm926ejs-gcc446_x64/bin/../lib/gcc/arm-unknown-linux-gnueabi/4.4.6/crtend.o /usr/local/arm926ejs-gcc446_x64/bin/../arm-unknown-linux-gnueabi/sysroot/usr/lib/crtn.o
gmake[1]: Leaving directory '/home/to/Documents/withus/shunt/cbsl-trunk/build/CMakeFiles/CMakeTmp'


Parsed C implicit link information from above output:
  link line regex: [^( *|.*[/\])(arm926ejs-ld|([^/\]+-)?ld|collect2)[^/\]*( |$)]
  ignore line: [Change Dir: /home/to/Documents/withus/shunt/cbsl-trunk/build/CMakeFiles/CMakeTmp]
  ignore line: []
  ignore line: [Run Build Command:"/usr/bin/gmake" "cmTC_75cac/fast"]
  ignore line: [/usr/bin/gmake -f CMakeFiles/cmTC_75cac.dir/build.make CMakeFiles/cmTC_75cac.dir/build]
  ignore line: [gmake[1]: Entering directory '/home/to/Documents/withus/shunt/cbsl-trunk/build/CMakeFiles/CMakeTmp']
  ignore line: [Building C object CMakeFiles/cmTC_75cac.dir/CMakeCCompilerABI.c.o]
  ignore line: [/usr/local/bin/arm926ejs-gcc    -o CMakeFiles/cmTC_75cac.dir/CMakeCCompilerABI.c.o   -c /usr/share/cmake/Modules/CMakeCCompilerABI.c]
  ignore line: [Linking C executable cmTC_75cac]
  ignore line: [/usr/bin/cmake -E cmake_link_script CMakeFiles/cmTC_75cac.dir/link.txt --verbose=1]
  ignore line: [/usr/local/bin/arm926ejs-gcc      -v CMakeFiles/cmTC_75cac.dir/CMakeCCompilerABI.c.o  -o cmTC_75cac -rdynamic  ]
  ignore line: [Using built-in specs.]
  ignore line: [Target: arm-unknown-linux-gnueabi]
  ignore line: [Configured with: /home/to/tmp/gcc_build/.build/src/gcc-4.4.6/configure --build=x86_64-build_unknown-linux-gnu --host=x86_64-build_unknown-linux-gnu --target=arm-unknown-linux-gnueabi --prefix=/home/to/arm926ejs-gcc --with-sysroot=/home/to/arm926ejs-gcc/arm-unknown-linux-gnueabi/sysroot --enable-languages=c,c++ --with-arch=armv5te --with-tune=arm926ej-s --with-float=soft --with-pkgversion='crosstool-NG 1.19.0' --enable-__cxa_atexit --disable-libmudflap --disable-libgomp --disable-libssp --with-gmp=/home/to/tmp/gcc_build/.build/arm-unknown-linux-gnueabi/buildtools --with-mpfr=/home/to/tmp/gcc_build/.build/arm-unknown-linux-gnueabi/buildtools --with-ppl=/home/to/tmp/gcc_build/.build/arm-unknown-linux-gnueabi/buildtools --with-cloog=/home/to/tmp/gcc_build/.build/arm-unknown-linux-gnueabi/buildtools --with-host-libstdcxx='-static-libgcc -Wl,-Bstatic,-lstdc++,-Bdynamic -lm' --enable-threads=posix --enable-target-optspace --disable-nls --disable-multilib --with-local-prefix=/home/to/arm926ejs-gcc/arm-unknown-linux-gnueabi/sysroot --enable-c99 --enable-long-long --disable-decimal-float]
  ignore line: [Thread model: posix]
  ignore line: [gcc version 4.4.6 (crosstool-NG 1.19.0) ]
  ignore line: [COMPILER_PATH=/usr/local/arm926ejs-gcc446_x64/bin/../libexec/gcc/arm-unknown-linux-gnueabi/4.4.6/:/usr/local/arm926ejs-gcc446_x64/bin/../libexec/gcc/:/usr/local/arm926ejs-gcc446_x64/bin/../lib/gcc/arm-unknown-linux-gnueabi/4.4.6/../../../../arm-unknown-linux-gnueabi/bin/]
  ignore line: [LIBRARY_PATH=/usr/local/arm926ejs-gcc446_x64/bin/../lib/gcc/arm-unknown-linux-gnueabi/4.4.6/:/usr/local/arm926ejs-gcc446_x64/bin/../lib/gcc/:/usr/local/arm926ejs-gcc446_x64/bin/../lib/gcc/arm-unknown-linux-gnueabi/4.4.6/../../../../arm-unknown-linux-gnueabi/lib/:/usr/local/arm926ejs-gcc446_x64/bin/../arm-unknown-linux-gnueabi/sysroot/lib/:/usr/local/arm926ejs-gcc446_x64/bin/../arm-unknown-linux-gnueabi/sysroot/usr/lib/]
  ignore line: [COLLECT_GCC_OPTIONS='-v' '-o' 'cmTC_75cac' '-rdynamic' '-march=armv5te' '-mtune=arm926ej-s' '-mfloat-abi=soft']
  link line: [ /usr/local/arm926ejs-gcc446_x64/bin/../libexec/gcc/arm-unknown-linux-gnueabi/4.4.6/collect2 --sysroot=/usr/local/arm926ejs-gcc446_x64/bin/../arm-unknown-linux-gnueabi/sysroot --eh-frame-hdr -export-dynamic -dynamic-linker /lib/ld-linux.so.3 -X -m armelf_linux_eabi -o cmTC_75cac /usr/local/arm926ejs-gcc446_x64/bin/../arm-unknown-linux-gnueabi/sysroot/usr/lib/crt1.o /usr/local/arm926ejs-gcc446_x64/bin/../arm-unknown-linux-gnueabi/sysroot/usr/lib/crti.o /usr/local/arm926ejs-gcc446_x64/bin/../lib/gcc/arm-unknown-linux-gnueabi/4.4.6/crtbegin.o -L/usr/local/arm926ejs-gcc446_x64/bin/../lib/gcc/arm-unknown-linux-gnueabi/4.4.6 -L/usr/local/arm926ejs-gcc446_x64/bin/../lib/gcc -L/usr/local/arm926ejs-gcc446_x64/bin/../lib/gcc/arm-unknown-linux-gnueabi/4.4.6/../../../../arm-unknown-linux-gnueabi/lib -L/usr/local/arm926ejs-gcc446_x64/bin/../arm-unknown-linux-gnueabi/sysroot/lib -L/usr/local/arm926ejs-gcc446_x64/bin/../arm-unknown-linux-gnueabi/sysroot/usr/lib CMakeFiles/cmTC_75cac.dir/CMakeCCompilerABI.c.o -lgcc --as-needed -lgcc_s --no-as-needed -lc -lgcc --as-needed -lgcc_s --no-as-needed /usr/local/arm926ejs-gcc446_x64/bin/../lib/gcc/arm-unknown-linux-gnueabi/4.4.6/crtend.o /usr/local/arm926ejs-gcc446_x64/bin/../arm-unknown-linux-gnueabi/sysroot/usr/lib/crtn.o]
    arg [/usr/local/arm926ejs-gcc446_x64/bin/../libexec/gcc/arm-unknown-linux-gnueabi/4.4.6/collect2] ==> ignore
    arg [--sysroot=/usr/local/arm926ejs-gcc446_x64/bin/../arm-unknown-linux-gnueabi/sysroot] ==> ignore
    arg [--eh-frame-hdr] ==> ignore
    arg [-export-dynamic] ==> ignore
    arg [-dynamic-linker] ==> ignore
    arg [/lib/ld-linux.so.3] ==> ignore
    arg [-X] ==> ignore
    arg [-m] ==> ignore
    arg [armelf_linux_eabi] ==> ignore
    arg [-o] ==> ignore
    arg [cmTC_75cac] ==> ignore
    arg [/usr/local/arm926ejs-gcc446_x64/bin/../arm-unknown-linux-gnueabi/sysroot/usr/lib/crt1.o] ==> ignore
    arg [/usr/local/arm926ejs-gcc446_x64/bin/../arm-unknown-linux-gnueabi/sysroot/usr/lib/crti.o] ==> ignore
    arg [/usr/local/arm926ejs-gcc446_x64/bin/../lib/gcc/arm-unknown-linux-gnueabi/4.4.6/crtbegin.o] ==> ignore
    arg [-L/usr/local/arm926ejs-gcc446_x64/bin/../lib/gcc/arm-unknown-linux-gnueabi/4.4.6] ==> dir [/usr/local/arm926ejs-gcc446_x64/bin/../lib/gcc/arm-unknown-linux-gnueabi/4.4.6]
    arg [-L/usr/local/arm926ejs-gcc446_x64/bin/../lib/gcc] ==> dir [/usr/local/arm926ejs-gcc446_x64/bin/../lib/gcc]
    arg [-L/usr/local/arm926ejs-gcc446_x64/bin/../lib/gcc/arm-unknown-linux-gnueabi/4.4.6/../../../../arm-unknown-linux-gnueabi/lib] ==> dir [/usr/local/arm926ejs-gcc446_x64/bin/../lib/gcc/arm-unknown-linux-gnueabi/4.4.6/../../../../arm-unknown-linux-gnueabi/lib]
    arg [-L/usr/local/arm926ejs-gcc446_x64/bin/../arm-unknown-linux-gnueabi/sysroot/lib] ==> dir [/usr/local/arm926ejs-gcc446_x64/bin/../arm-unknown-linux-gnueabi/sysroot/lib]
    arg [-L/usr/local/arm926ejs-gcc446_x64/bin/../arm-unknown-linux-gnueabi/sysroot/usr/lib] ==> dir [/usr/local/arm926ejs-gcc446_x64/bin/../arm-unknown-linux-gnueabi/sysroot/usr/lib]
    arg [CMakeFiles/cmTC_75cac.dir/CMakeCCompilerABI.c.o] ==> ignore
    arg [-lgcc] ==> lib [gcc]
    arg [--as-needed] ==> ignore
    arg [-lgcc_s] ==> lib [gcc_s]
    arg [--no-as-needed] ==> ignore
    arg [-lc] ==> lib [c]
    arg [-lgcc] ==> lib [gcc]
    arg [--as-needed] ==> ignore
    arg [-lgcc_s] ==> lib [gcc_s]
    arg [--no-as-needed] ==> ignore
    arg [/usr/local/arm926ejs-gcc446_x64/bin/../lib/gcc/arm-unknown-linux-gnueabi/4.4.6/crtend.o] ==> ignore
    arg [/usr/local/arm926ejs-gcc446_x64/bin/../arm-unknown-linux-gnueabi/sysroot/usr/lib/crtn.o] ==> ignore
  remove lib [gcc]
  remove lib [gcc_s]
  remove lib [gcc]
  remove lib [gcc_s]
  collapse library dir [/usr/local/arm926ejs-gcc446_x64/bin/../lib/gcc/arm-unknown-linux-gnueabi/4.4.6] ==> [/usr/local/arm926ejs-gcc446_x64/lib/gcc/arm-unknown-linux-gnueabi/4.4.6]
  collapse library dir [/usr/local/arm926ejs-gcc446_x64/bin/../lib/gcc] ==> [/usr/local/arm926ejs-gcc446_x64/lib/gcc]
  collapse library dir [/usr/local/arm926ejs-gcc446_x64/bin/../lib/gcc/arm-unknown-linux-gnueabi/4.4.6/../../../../arm-unknown-linux-gnueabi/lib] ==> [/usr/local/arm926ejs-gcc446_x64/arm-unknown-linux-gnueabi/lib]
  collapse library dir [/usr/local/arm926ejs-gcc446_x64/bin/../arm-unknown-linux-gnueabi/sysroot/lib] ==> [/usr/local/arm926ejs-gcc446_x64/arm-unknown-linux-gnueabi/sysroot/lib]
  collapse library dir [/usr/local/arm926ejs-gcc446_x64/bin/../arm-unknown-linux-gnueabi/sysroot/usr/lib] ==> [/usr/local/arm926ejs-gcc446_x64/arm-unknown-linux-gnueabi/sysroot/usr/lib]
  implicit libs: [c]
  implicit dirs: [/usr/local/arm926ejs-gcc446_x64/lib/gcc/arm-unknown-linux-gnueabi/4.4.6;/usr/local/arm926ejs-gcc446_x64/lib/gcc;/usr/local/arm926ejs-gcc446_x64/arm-unknown-linux-gnueabi/lib;/usr/local/arm926ejs-gcc446_x64/arm-unknown-linux-gnueabi/sysroot/lib;/usr/local/arm926ejs-gcc446_x64/arm-unknown-linux-gnueabi/sysroot/usr/lib]
  implicit fwks: []




Detecting C [-std=c99] compiler features compiled with the following output:
Change Dir: /home/to/Documents/withus/shunt/cbsl-trunk/build/CMakeFiles/CMakeTmp

Run Build Command:"/usr/bin/gmake" "cmTC_2e48b/fast"
/usr/bin/gmake -f CMakeFiles/cmTC_2e48b.dir/build.make CMakeFiles/cmTC_2e48b.dir/build
gmake[1]: Entering directory '/home/to/Documents/withus/shunt/cbsl-trunk/build/CMakeFiles/CMakeTmp'
Building C object CMakeFiles/cmTC_2e48b.dir/feature_tests.c.o
/usr/local/bin/arm926ejs-gcc   -std=c99 -o CMakeFiles/cmTC_2e48b.dir/feature_tests.c.o   -c /home/to/Documents/withus/shunt/cbsl-trunk/build/CMakeFiles/feature_tests.c
Linking C executable cmTC_2e48b
/usr/bin/cmake -E cmake_link_script CMakeFiles/cmTC_2e48b.dir/link.txt --verbose=1
/usr/local/bin/arm926ejs-gcc       CMakeFiles/cmTC_2e48b.dir/feature_tests.c.o  -o cmTC_2e48b -rdynamic 
gmake[1]: Leaving directory '/home/to/Documents/withus/shunt/cbsl-trunk/build/CMakeFiles/CMakeTmp'


    Feature record: C_FEATURE:1c_function_prototypes
    Feature record: C_FEATURE:1c_restrict
    Feature record: C_FEATURE:0c_static_assert
    Feature record: C_FEATURE:1c_variadic_macros


Detecting C [-std=c89] compiler features compiled with the following output:
Change Dir: /home/to/Documents/withus/shunt/cbsl-trunk/build/CMakeFiles/CMakeTmp

Run Build Command:"/usr/bin/gmake" "cmTC_0407f/fast"
/usr/bin/gmake -f CMakeFiles/cmTC_0407f.dir/build.make CMakeFiles/cmTC_0407f.dir/build
gmake[1]: Entering directory '/home/to/Documents/withus/shunt/cbsl-trunk/build/CMakeFiles/CMakeTmp'
Building C object CMakeFiles/cmTC_0407f.dir/feature_tests.c.o
/usr/local/bin/arm926ejs-gcc   -std=c89 -o CMakeFiles/cmTC_0407f.dir/feature_tests.c.o   -c /home/to/Documents/withus/shunt/cbsl-trunk/build/CMakeFiles/feature_tests.c
Linking C executable cmTC_0407f
/usr/bin/cmake -E cmake_link_script CMakeFiles/cmTC_0407f.dir/link.txt --verbose=1
/usr/local/bin/arm926ejs-gcc       CMakeFiles/cmTC_0407f.dir/feature_tests.c.o  -o cmTC_0407f -rdynamic 
gmake[1]: Leaving directory '/home/to/Documents/withus/shunt/cbsl-trunk/build/CMakeFiles/CMakeTmp'


    Feature record: C_FEATURE:1c_function_prototypes
    Feature record: C_FEATURE:0c_restrict
    Feature record: C_FEATURE:0c_static_assert
    Feature record: C_FEATURE:0c_variadic_macros
Determining if the CXX compiler works passed with the following output:
Change Dir: /home/to/Documents/withus/shunt/cbsl-trunk/build/CMakeFiles/CMakeTmp

Run Build Command:"/usr/bin/gmake" "cmTC_68872/fast"
/usr/bin/gmake -f CMakeFiles/cmTC_68872.dir/build.make CMakeFiles/cmTC_68872.dir/build
gmake[1]: Entering directory '/home/to/Documents/withus/shunt/cbsl-trunk/build/CMakeFiles/CMakeTmp'
Building CXX object CMakeFiles/cmTC_68872.dir/testCXXCompiler.cxx.o
/usr/local/bin/arm926ejs-g++     -o CMakeFiles/cmTC_68872.dir/testCXXCompiler.cxx.o -c /home/to/Documents/withus/shunt/cbsl-trunk/build/CMakeFiles/CMakeTmp/testCXXCompiler.cxx
Linking CXX executable cmTC_68872
/usr/bin/cmake -E cmake_link_script CMakeFiles/cmTC_68872.dir/link.txt --verbose=1
/usr/local/bin/arm926ejs-g++        CMakeFiles/cmTC_68872.dir/testCXXCompiler.cxx.o  -o cmTC_68872 -rdynamic 
gmake[1]: Leaving directory '/home/to/Documents/withus/shunt/cbsl-trunk/build/CMakeFiles/CMakeTmp'


Detecting CXX compiler ABI info compiled with the following output:
Change Dir: /home/to/Documents/withus/shunt/cbsl-trunk/build/CMakeFiles/CMakeTmp

Run Build Command:"/usr/bin/gmake" "cmTC_43d84/fast"
/usr/bin/gmake -f CMakeFiles/cmTC_43d84.dir/build.make CMakeFiles/cmTC_43d84.dir/build
gmake[1]: Entering directory '/home/to/Documents/withus/shunt/cbsl-trunk/build/CMakeFiles/CMakeTmp'
Building CXX object CMakeFiles/cmTC_43d84.dir/CMakeCXXCompilerABI.cpp.o
/usr/local/bin/arm926ejs-g++     -o CMakeFiles/cmTC_43d84.dir/CMakeCXXCompilerABI.cpp.o -c /usr/share/cmake/Modules/CMakeCXXCompilerABI.cpp
Linking CXX executable cmTC_43d84
/usr/bin/cmake -E cmake_link_script CMakeFiles/cmTC_43d84.dir/link.txt --verbose=1
/usr/local/bin/arm926ejs-g++       -v CMakeFiles/cmTC_43d84.dir/CMakeCXXCompilerABI.cpp.o  -o cmTC_43d84 -rdynamic  
Using built-in specs.
Target: arm-unknown-linux-gnueabi
Configured with: /home/to/tmp/gcc_build/.build/src/gcc-4.4.6/configure --build=x86_64-build_unknown-linux-gnu --host=x86_64-build_unknown-linux-gnu --target=arm-unknown-linux-gnueabi --prefix=/home/to/arm926ejs-gcc --with-sysroot=/home/to/arm926ejs-gcc/arm-unknown-linux-gnueabi/sysroot --enable-languages=c,c++ --with-arch=armv5te --with-tune=arm926ej-s --with-float=soft --with-pkgversion='crosstool-NG 1.19.0' --enable-__cxa_atexit --disable-libmudflap --disable-libgomp --disable-libssp --with-gmp=/home/to/tmp/gcc_build/.build/arm-unknown-linux-gnueabi/buildtools --with-mpfr=/home/to/tmp/gcc_build/.build/arm-unknown-linux-gnueabi/buildtools --with-ppl=/home/to/tmp/gcc_build/.build/arm-unknown-linux-gnueabi/buildtools --with-cloog=/home/to/tmp/gcc_build/.build/arm-unknown-linux-gnueabi/buildtools --with-host-libstdcxx='-static-libgcc -Wl,-Bstatic,-lstdc++,-Bdynamic -lm' --enable-threads=posix --enable-target-optspace --disable-nls --disable-multilib --with-local-prefix=/home/to/arm926ejs-gcc/arm-unknown-linux-gnueabi/sysroot --enable-c99 --enable-long-long --disable-decimal-float
Thread model: posix
gcc version 4.4.6 (crosstool-NG 1.19.0) 
COMPILER_PATH=/usr/local/arm926ejs-gcc446_x64/bin/../libexec/gcc/arm-unknown-linux-gnueabi/4.4.6/:/usr/local/arm926ejs-gcc446_x64/bin/../libexec/gcc/:/usr/local/arm926ejs-gcc446_x64/bin/../lib/gcc/arm-unknown-linux-gnueabi/4.4.6/../../../../arm-unknown-linux-gnueabi/bin/
LIBRARY_PATH=/usr/local/arm926ejs-gcc446_x64/bin/../lib/gcc/arm-unknown-linux-gnueabi/4.4.6/:/usr/local/arm926ejs-gcc446_x64/bin/../lib/gcc/:/usr/local/arm926ejs-gcc446_x64/bin/../lib/gcc/arm-unknown-linux-gnueabi/4.4.6/../../../../arm-unknown-linux-gnueabi/lib/:/usr/local/arm926ejs-gcc446_x64/bin/../arm-unknown-linux-gnueabi/sysroot/lib/:/usr/local/arm926ejs-gcc446_x64/bin/../arm-unknown-linux-gnueabi/sysroot/usr/lib/
COLLECT_GCC_OPTIONS='-v' '-o' 'cmTC_43d84' '-rdynamic' '-shared-libgcc' '-march=armv5te' '-mtune=arm926ej-s' '-mfloat-abi=soft'
 /usr/local/arm926ejs-gcc446_x64/bin/../libexec/gcc/arm-unknown-linux-gnueabi/4.4.6/collect2 --sysroot=/usr/local/arm926ejs-gcc446_x64/bin/../arm-unknown-linux-gnueabi/sysroot --eh-frame-hdr -export-dynamic -dynamic-linker /lib/ld-linux.so.3 -X -m armelf_linux_eabi -o cmTC_43d84 /usr/local/arm926ejs-gcc446_x64/bin/../arm-unknown-linux-gnueabi/sysroot/usr/lib/crt1.o /usr/local/arm926ejs-gcc446_x64/bin/../arm-unknown-linux-gnueabi/sysroot/usr/lib/crti.o /usr/local/arm926ejs-gcc446_x64/bin/../lib/gcc/arm-unknown-linux-gnueabi/4.4.6/crtbegin.o -L/usr/local/arm926ejs-gcc446_x64/bin/../lib/gcc/arm-unknown-linux-gnueabi/4.4.6 -L/usr/local/arm926ejs-gcc446_x64/bin/../lib/gcc -L/usr/local/arm926ejs-gcc446_x64/bin/../lib/gcc/arm-unknown-linux-gnueabi/4.4.6/../../../../arm-unknown-linux-gnueabi/lib -L/usr/local/arm926ejs-gcc446_x64/bin/../arm-unknown-linux-gnueabi/sysroot/lib -L/usr/local/arm926ejs-gcc446_x64/bin/../arm-unknown-linux-gnueabi/sysroot/usr/lib CMakeFiles/cmTC_43d84.dir/CMakeCXXCompilerABI.cpp.o -lstdc++ -lm -lgcc_s -lgcc -lc -lgcc_s -lgcc /usr/local/arm926ejs-gcc446_x64/bin/../lib/gcc/arm-unknown-linux-gnueabi/4.4.6/crtend.o /usr/local/arm926ejs-gcc446_x64/bin/../arm-unknown-linux-gnueabi/sysroot/usr/lib/crtn.o
gmake[1]: Leaving directory '/home/to/Documents/withus/shunt/cbsl-trunk/build/CMakeFiles/CMakeTmp'


Parsed CXX implicit link information from above output:
  link line regex: [^( *|.*[/\])(arm926ejs-ld|([^/\]+-)?ld|collect2)[^/\]*( |$)]
  ignore line: [Change Dir: /home/to/Documents/withus/shunt/cbsl-trunk/build/CMakeFiles/CMakeTmp]
  ignore line: []
  ignore line: [Run Build Command:"/usr/bin/gmake" "cmTC_43d84/fast"]
  ignore line: [/usr/bin/gmake -f CMakeFiles/cmTC_43d84.dir/build.make CMakeFiles/cmTC_43d84.dir/build]
  ignore line: [gmake[1]: Entering directory '/home/to/Documents/withus/shunt/cbsl-trunk/build/CMakeFiles/CMakeTmp']
  ignore line: [Building CXX object CMakeFiles/cmTC_43d84.dir/CMakeCXXCompilerABI.cpp.o]
  ignore line: [/usr/local/bin/arm926ejs-g++     -o CMakeFiles/cmTC_43d84.dir/CMakeCXXCompilerABI.cpp.o -c /usr/share/cmake/Modules/CMakeCXXCompilerABI.cpp]
  ignore line: [Linking CXX executable cmTC_43d84]
  ignore line: [/usr/bin/cmake -E cmake_link_script CMakeFiles/cmTC_43d84.dir/link.txt --verbose=1]
  ignore line: [/usr/local/bin/arm926ejs-g++       -v CMakeFiles/cmTC_43d84.dir/CMakeCXXCompilerABI.cpp.o  -o cmTC_43d84 -rdynamic  ]
  ignore line: [Using built-in specs.]
  ignore line: [Target: arm-unknown-linux-gnueabi]
  ignore line: [Configured with: /home/to/tmp/gcc_build/.build/src/gcc-4.4.6/configure --build=x86_64-build_unknown-linux-gnu --host=x86_64-build_unknown-linux-gnu --target=arm-unknown-linux-gnueabi --prefix=/home/to/arm926ejs-gcc --with-sysroot=/home/to/arm926ejs-gcc/arm-unknown-linux-gnueabi/sysroot --enable-languages=c,c++ --with-arch=armv5te --with-tune=arm926ej-s --with-float=soft --with-pkgversion='crosstool-NG 1.19.0' --enable-__cxa_atexit --disable-libmudflap --disable-libgomp --disable-libssp --with-gmp=/home/to/tmp/gcc_build/.build/arm-unknown-linux-gnueabi/buildtools --with-mpfr=/home/to/tmp/gcc_build/.build/arm-unknown-linux-gnueabi/buildtools --with-ppl=/home/to/tmp/gcc_build/.build/arm-unknown-linux-gnueabi/buildtools --with-cloog=/home/to/tmp/gcc_build/.build/arm-unknown-linux-gnueabi/buildtools --with-host-libstdcxx='-static-libgcc -Wl,-Bstatic,-lstdc++,-Bdynamic -lm' --enable-threads=posix --enable-target-optspace --disable-nls --disable-multilib --with-local-prefix=/home/to/arm926ejs-gcc/arm-unknown-linux-gnueabi/sysroot --enable-c99 --enable-long-long --disable-decimal-float]
  ignore line: [Thread model: posix]
  ignore line: [gcc version 4.4.6 (crosstool-NG 1.19.0) ]
  ignore line: [COMPILER_PATH=/usr/local/arm926ejs-gcc446_x64/bin/../libexec/gcc/arm-unknown-linux-gnueabi/4.4.6/:/usr/local/arm926ejs-gcc446_x64/bin/../libexec/gcc/:/usr/local/arm926ejs-gcc446_x64/bin/../lib/gcc/arm-unknown-linux-gnueabi/4.4.6/../../../../arm-unknown-linux-gnueabi/bin/]
  ignore line: [LIBRARY_PATH=/usr/local/arm926ejs-gcc446_x64/bin/../lib/gcc/arm-unknown-linux-gnueabi/4.4.6/:/usr/local/arm926ejs-gcc446_x64/bin/../lib/gcc/:/usr/local/arm926ejs-gcc446_x64/bin/../lib/gcc/arm-unknown-linux-gnueabi/4.4.6/../../../../arm-unknown-linux-gnueabi/lib/:/usr/local/arm926ejs-gcc446_x64/bin/../arm-unknown-linux-gnueabi/sysroot/lib/:/usr/local/arm926ejs-gcc446_x64/bin/../arm-unknown-linux-gnueabi/sysroot/usr/lib/]
  ignore line: [COLLECT_GCC_OPTIONS='-v' '-o' 'cmTC_43d84' '-rdynamic' '-shared-libgcc' '-march=armv5te' '-mtune=arm926ej-s' '-mfloat-abi=soft']
  link line: [ /usr/local/arm926ejs-gcc446_x64/bin/../libexec/gcc/arm-unknown-linux-gnueabi/4.4.6/collect2 --sysroot=/usr/local/arm926ejs-gcc446_x64/bin/../arm-unknown-linux-gnueabi/sysroot --eh-frame-hdr -export-dynamic -dynamic-linker /lib/ld-linux.so.3 -X -m armelf_linux_eabi -o cmTC_43d84 /usr/local/arm926ejs-gcc446_x64/bin/../arm-unknown-linux-gnueabi/sysroot/usr/lib/crt1.o /usr/local/arm926ejs-gcc446_x64/bin/../arm-unknown-linux-gnueabi/sysroot/usr/lib/crti.o /usr/local/arm926ejs-gcc446_x64/bin/../lib/gcc/arm-unknown-linux-gnueabi/4.4.6/crtbegin.o -L/usr/local/arm926ejs-gcc446_x64/bin/../lib/gcc/arm-unknown-linux-gnueabi/4.4.6 -L/usr/local/arm926ejs-gcc446_x64/bin/../lib/gcc -L/usr/local/arm926ejs-gcc446_x64/bin/../lib/gcc/arm-unknown-linux-gnueabi/4.4.6/../../../../arm-unknown-linux-gnueabi/lib -L/usr/local/arm926ejs-gcc446_x64/bin/../arm-unknown-linux-gnueabi/sysroot/lib -L/usr/local/arm926ejs-gcc446_x64/bin/../arm-unknown-linux-gnueabi/sysroot/usr/lib CMakeFiles/cmTC_43d84.dir/CMakeCXXCompilerABI.cpp.o -lstdc++ -lm -lgcc_s -lgcc -lc -lgcc_s -lgcc /usr/local/arm926ejs-gcc446_x64/bin/../lib/gcc/arm-unknown-linux-gnueabi/4.4.6/crtend.o /usr/local/arm926ejs-gcc446_x64/bin/../arm-unknown-linux-gnueabi/sysroot/usr/lib/crtn.o]
    arg [/usr/local/arm926ejs-gcc446_x64/bin/../libexec/gcc/arm-unknown-linux-gnueabi/4.4.6/collect2] ==> ignore
    arg [--sysroot=/usr/local/arm926ejs-gcc446_x64/bin/../arm-unknown-linux-gnueabi/sysroot] ==> ignore
    arg [--eh-frame-hdr] ==> ignore
    arg [-export-dynamic] ==> ignore
    arg [-dynamic-linker] ==> ignore
    arg [/lib/ld-linux.so.3] ==> ignore
    arg [-X] ==> ignore
    arg [-m] ==> ignore
    arg [armelf_linux_eabi] ==> ignore
    arg [-o] ==> ignore
    arg [cmTC_43d84] ==> ignore
    arg [/usr/local/arm926ejs-gcc446_x64/bin/../arm-unknown-linux-gnueabi/sysroot/usr/lib/crt1.o] ==> ignore
    arg [/usr/local/arm926ejs-gcc446_x64/bin/../arm-unknown-linux-gnueabi/sysroot/usr/lib/crti.o] ==> ignore
    arg [/usr/local/arm926ejs-gcc446_x64/bin/../lib/gcc/arm-unknown-linux-gnueabi/4.4.6/crtbegin.o] ==> ignore
    arg [-L/usr/local/arm926ejs-gcc446_x64/bin/../lib/gcc/arm-unknown-linux-gnueabi/4.4.6] ==> dir [/usr/local/arm926ejs-gcc446_x64/bin/../lib/gcc/arm-unknown-linux-gnueabi/4.4.6]
    arg [-L/usr/local/arm926ejs-gcc446_x64/bin/../lib/gcc] ==> dir [/usr/local/arm926ejs-gcc446_x64/bin/../lib/gcc]
    arg [-L/usr/local/arm926ejs-gcc446_x64/bin/../lib/gcc/arm-unknown-linux-gnueabi/4.4.6/../../../../arm-unknown-linux-gnueabi/lib] ==> dir [/usr/local/arm926ejs-gcc446_x64/bin/../lib/gcc/arm-unknown-linux-gnueabi/4.4.6/../../../../arm-unknown-linux-gnueabi/lib]
    arg [-L/usr/local/arm926ejs-gcc446_x64/bin/../arm-unknown-linux-gnueabi/sysroot/lib] ==> dir [/usr/local/arm926ejs-gcc446_x64/bin/../arm-unknown-linux-gnueabi/sysroot/lib]
    arg [-L/usr/local/arm926ejs-gcc446_x64/bin/../arm-unknown-linux-gnueabi/sysroot/usr/lib] ==> dir [/usr/local/arm926ejs-gcc446_x64/bin/../arm-unknown-linux-gnueabi/sysroot/usr/lib]
    arg [CMakeFiles/cmTC_43d84.dir/CMakeCXXCompilerABI.cpp.o] ==> ignore
    arg [-lstdc++] ==> lib [stdc++]
    arg [-lm] ==> lib [m]
    arg [-lgcc_s] ==> lib [gcc_s]
    arg [-lgcc] ==> lib [gcc]
    arg [-lc] ==> lib [c]
    arg [-lgcc_s] ==> lib [gcc_s]
    arg [-lgcc] ==> lib [gcc]
    arg [/usr/local/arm926ejs-gcc446_x64/bin/../lib/gcc/arm-unknown-linux-gnueabi/4.4.6/crtend.o] ==> ignore
    arg [/usr/local/arm926ejs-gcc446_x64/bin/../arm-unknown-linux-gnueabi/sysroot/usr/lib/crtn.o] ==> ignore
  remove lib [gcc_s]
  remove lib [gcc]
  remove lib [gcc_s]
  remove lib [gcc]
  collapse library dir [/usr/local/arm926ejs-gcc446_x64/bin/../lib/gcc/arm-unknown-linux-gnueabi/4.4.6] ==> [/usr/local/arm926ejs-gcc446_x64/lib/gcc/arm-unknown-linux-gnueabi/4.4.6]
  collapse library dir [/usr/local/arm926ejs-gcc446_x64/bin/../lib/gcc] ==> [/usr/local/arm926ejs-gcc446_x64/lib/gcc]
  collapse library dir [/usr/local/arm926ejs-gcc446_x64/bin/../lib/gcc/arm-unknown-linux-gnueabi/4.4.6/../../../../arm-unknown-linux-gnueabi/lib] ==> [/usr/local/arm926ejs-gcc446_x64/arm-unknown-linux-gnueabi/lib]
  collapse library dir [/usr/local/arm926ejs-gcc446_x64/bin/../arm-unknown-linux-gnueabi/sysroot/lib] ==> [/usr/local/arm926ejs-gcc446_x64/arm-unknown-linux-gnueabi/sysroot/lib]
  collapse library dir [/usr/local/arm926ejs-gcc446_x64/bin/../arm-unknown-linux-gnueabi/sysroot/usr/lib] ==> [/usr/local/arm926ejs-gcc446_x64/arm-unknown-linux-gnueabi/sysroot/usr/lib]
  implicit libs: [stdc++;m;c]
  implicit dirs: [/usr/local/arm926ejs-gcc446_x64/lib/gcc/arm-unknown-linux-gnueabi/4.4.6;/usr/local/arm926ejs-gcc446_x64/lib/gcc;/usr/local/arm926ejs-gcc446_x64/arm-unknown-linux-gnueabi/lib;/usr/local/arm926ejs-gcc446_x64/arm-unknown-linux-gnueabi/sysroot/lib;/usr/local/arm926ejs-gcc446_x64/arm-unknown-linux-gnueabi/sysroot/usr/lib]
  implicit fwks: []




Detecting CXX [-std=c++0x] compiler features compiled with the following output:
Change Dir: /home/to/Documents/withus/shunt/cbsl-trunk/build/CMakeFiles/CMakeTmp

Run Build Command:"/usr/bin/gmake" "cmTC_85768/fast"
/usr/bin/gmake -f CMakeFiles/cmTC_85768.dir/build.make CMakeFiles/cmTC_85768.dir/build
gmake[1]: Entering directory '/home/to/Documents/withus/shunt/cbsl-trunk/build/CMakeFiles/CMakeTmp'
Building CXX object CMakeFiles/cmTC_85768.dir/feature_tests.cxx.o
/usr/local/bin/arm926ejs-g++    -std=c++0x -o CMakeFiles/cmTC_85768.dir/feature_tests.cxx.o -c /home/to/Documents/withus/shunt/cbsl-trunk/build/CMakeFiles/feature_tests.cxx
Linking CXX executable cmTC_85768
/usr/bin/cmake -E cmake_link_script CMakeFiles/cmTC_85768.dir/link.txt --verbose=1
/usr/local/bin/arm926ejs-g++        CMakeFiles/cmTC_85768.dir/feature_tests.cxx.o  -o cmTC_85768 -rdynamic 
gmake[1]: Leaving directory '/home/to/Documents/withus/shunt/cbsl-trunk/build/CMakeFiles/CMakeTmp'


    Feature record: CXX_FEATURE:0cxx_aggregate_default_initializers
    Feature record: CXX_FEATURE:0cxx_alias_templates
    Feature record: CXX_FEATURE:0cxx_alignas
    Feature record: CXX_FEATURE:0cxx_alignof
    Feature record: CXX_FEATURE:0cxx_attributes
    Feature record: CXX_FEATURE:0cxx_attribute_deprecated
    Feature record: CXX_FEATURE:1cxx_auto_type
    Feature record: CXX_FEATURE:0cxx_binary_literals
    Feature record: CXX_FEATURE:0cxx_constexpr
    Feature record: CXX_FEATURE:0cxx_contextual_conversions
    Feature record: CXX_FEATURE:1cxx_decltype
    Feature record: CXX_FEATURE:0cxx_decltype_auto
    Feature record: CXX_FEATURE:0cxx_decltype_incomplete_return_types
    Feature record: CXX_FEATURE:1cxx_default_function_template_args
    Feature record: CXX_FEATURE:1cxx_defaulted_functions
    Feature record: CXX_FEATURE:0cxx_defaulted_move_initializers
    Feature record: CXX_FEATURE:0cxx_delegating_constructors
    Feature record: CXX_FEATURE:1cxx_deleted_functions
    Feature record: CXX_FEATURE:0cxx_digit_separators
    Feature record: CXX_FEATURE:0cxx_enum_forward_declarations
    Feature record: CXX_FEATURE:0cxx_explicit_conversions
    Feature record: CXX_FEATURE:0cxx_extended_friend_declarations
    Feature record: CXX_FEATURE:1cxx_extern_templates
    Feature record: CXX_FEATURE:0cxx_final
    Feature record: CXX_FEATURE:1cxx_func_identifier
    Feature record: CXX_FEATURE:1cxx_generalized_initializers
    Feature record: CXX_FEATURE:0cxx_generic_lambdas
    Feature record: CXX_FEATURE:0cxx_inheriting_constructors
    Feature record: CXX_FEATURE:1cxx_inline_namespaces
    Feature record: CXX_FEATURE:0cxx_lambdas
    Feature record: CXX_FEATURE:0cxx_lambda_init_captures
    Feature record: CXX_FEATURE:0cxx_local_type_template_args
    Feature record: CXX_FEATURE:1cxx_long_long_type
    Feature record: CXX_FEATURE:0cxx_noexcept
    Feature record: CXX_FEATURE:0cxx_nonstatic_member_init
    Feature record: CXX_FEATURE:0cxx_nullptr
    Feature record: CXX_FEATURE:0cxx_override
    Feature record: CXX_FEATURE:0cxx_range_for
    Feature record: CXX_FEATURE:0cxx_raw_string_literals
    Feature record: CXX_FEATURE:0cxx_reference_qualified_functions
    Feature record: CXX_FEATURE:0cxx_relaxed_constexpr
    Feature record: CXX_FEATURE:0cxx_return_type_deduction
    Feature record: CXX_FEATURE:1cxx_right_angle_brackets
    Feature record: CXX_FEATURE:1cxx_rvalue_references
    Feature record: CXX_FEATURE:1cxx_sizeof_member
    Feature record: CXX_FEATURE:1cxx_static_assert
    Feature record: CXX_FEATURE:1cxx_strong_enums
    Feature record: CXX_FEATURE:1cxx_template_template_parameters
    Feature record: CXX_FEATURE:0cxx_thread_local
    Feature record: CXX_FEATURE:1cxx_trailing_return_types
    Feature record: CXX_FEATURE:1cxx_unicode_literals
    Feature record: CXX_FEATURE:1cxx_uniform_initialization
    Feature record: CXX_FEATURE:0cxx_unrestricted_unions
    Feature record: CXX_FEATURE:0cxx_user_literals
    Feature record: CXX_FEATURE:0cxx_variable_templates
    Feature record: CXX_FEATURE:1cxx_variadic_macros
    Feature record: CXX_FEATURE:1cxx_variadic_templates


Detecting CXX [-std=c++98] compiler features compiled with the following output:
Change Dir: /home/to/Documents/withus/shunt/cbsl-trunk/build/CMakeFiles/CMakeTmp

Run Build Command:"/usr/bin/gmake" "cmTC_2c772/fast"
/usr/bin/gmake -f CMakeFiles/cmTC_2c772.dir/build.make CMakeFiles/cmTC_2c772.dir/build
gmake[1]: Entering directory '/home/to/Documents/withus/shunt/cbsl-trunk/build/CMakeFiles/CMakeTmp'
Building CXX object CMakeFiles/cmTC_2c772.dir/feature_tests.cxx.o
/usr/local/bin/arm926ejs-g++    -std=c++98 -o CMakeFiles/cmTC_2c772.dir/feature_tests.cxx.o -c /home/to/Documents/withus/shunt/cbsl-trunk/build/CMakeFiles/feature_tests.cxx
Linking CXX executable cmTC_2c772
/usr/bin/cmake -E cmake_link_script CMakeFiles/cmTC_2c772.dir/link.txt --verbose=1
/usr/local/bin/arm926ejs-g++        CMakeFiles/cmTC_2c772.dir/feature_tests.cxx.o  -o cmTC_2c772 -rdynamic 
gmake[1]: Leaving directory '/home/to/Documents/withus/shunt/cbsl-trunk/build/CMakeFiles/CMakeTmp'


    Feature record: CXX_FEATURE:0cxx_aggregate_default_initializers
    Feature record: CXX_FEATURE:0cxx_alias_templates
    Feature record: CXX_FEATURE:0cxx_alignas
    Feature record: CXX_FEATURE:0cxx_alignof
    Feature record: CXX_FEATURE:0cxx_attributes
    Feature record: CXX_FEATURE:0cxx_attribute_deprecated
    Feature record: CXX_FEATURE:0cxx_auto_type
    Feature record: CXX_FEATURE:0cxx_binary_literals
    Feature record: CXX_FEATURE:0cxx_constexpr
    Feature record: CXX_FEATURE:0cxx_contextual_conversions
    Feature record: CXX_FEATURE:0cxx_decltype
    Feature record: CXX_FEATURE:0cxx_decltype_auto
    Feature record: CXX_FEATURE:0cxx_decltype_incomplete_return_types
    Feature record: CXX_FEATURE:0cxx_default_function_template_args
    Feature record: CXX_FEATURE:0cxx_defaulted_functions
    Feature record: CXX_FEATURE:0cxx_defaulted_move_initializers
    Feature record: CXX_FEATURE:0cxx_delegating_constructors
    Feature record: CXX_FEATURE:0cxx_deleted_functions
    Feature record: CXX_FEATURE:0cxx_digit_separators
    Feature record: CXX_FEATURE:0cxx_enum_forward_declarations
    Feature record: CXX_FEATURE:0cxx_explicit_conversions
    Feature record: CXX_FEATURE:0cxx_extended_friend_declarations
    Feature record: CXX_FEATURE:0cxx_extern_templates
    Feature record: CXX_FEATURE:0cxx_final
    Feature record: CXX_FEATURE:0cxx_func_identifier
    Feature record: CXX_FEATURE:0cxx_generalized_initializers
    Feature record: CXX_FEATURE:0cxx_generic_lambdas
    Feature record: CXX_FEATURE:0cxx_inheriting_constructors
    Feature record: CXX_FEATURE:0cxx_inline_namespaces
    Feature record: CXX_FEATURE:0cxx_lambdas
    Feature record: CXX_FEATURE:0cxx_lambda_init_captures
    Feature record: CXX_FEATURE:0cxx_local_type_template_args
    Feature record: CXX_FEATURE:0cxx_long_long_type
    Feature record: CXX_FEATURE:0cxx_noexcept
    Feature record: CXX_FEATURE:0cxx_nonstatic_member_init
    Feature record: CXX_FEATURE:0cxx_nullptr
    Feature record: CXX_FEATURE:0cxx_override
    Feature record: CXX_FEATURE:0cxx_range_for
    Feature record: CXX_FEATURE:0cxx_raw_string_literals
    Feature record: CXX_FEATURE:0cxx_reference_qualified_functions
    Feature record: CXX_FEATURE:0cxx_relaxed_constexpr
    Feature record: CXX_FEATURE:0cxx_return_type_deduction
    Feature record: CXX_FEATURE:0cxx_right_angle_brackets
    Feature record: CXX_FEATURE:0cxx_rvalue_references
    Feature record: CXX_FEATURE:0cxx_sizeof_member
    Feature record: CXX_FEATURE:0cxx_static_assert
    Feature record: CXX_FEATURE:0cxx_strong_enums
    Feature record: CXX_FEATURE:1cxx_template_template_parameters
    Feature record: CXX_FEATURE:0cxx_thread_local
    Feature record: CXX_FEATURE:0cxx_trailing_return_types
    Feature record: CXX_FEATURE:0cxx_unicode_literals
    Feature record: CXX_FEATURE:0cxx_uniform_initialization
    Feature record: CXX_FEATURE:0cxx_unrestricted_unions
    Feature record: CXX_FEATURE:0cxx_user_literals
    Feature record: CXX_FEATURE:0cxx_variable_templates
    Feature record: CXX_FEATURE:0cxx_variadic_macros
    Feature record: CXX_FEATURE:0cxx_variadic_templates
